<?xml version="1.0" encoding="UTF-8"?>
<!-- Generated by org.testng.reporters.JUnitReportReporter -->
<testsuite hostname="user" failures="0" tests="1" name="testCase.TestsClass" time="46.938" errors="0" timestamp="2020-04-28T15:28:16 IST" skipped="0">
  <testcase classname="testCase.TestsClass" name="startExecution" time="46.938"/>
  <system-out/>
</testsuite> <!-- testCase.TestsClass -->
